<?xml version="1.0" encoding="UTF-8"?>
<!-- Generated by org.testng.reporters.JUnitReportReporter -->
<testsuite hostname="LAPTOP-6CEV7V9E" failures="0" tests="5" name="test.C_NewTest3" time="31.942" errors="0" timestamp="2025-05-27T16:27:01 IST" skipped="1">
  <testcase classname="test.C_NewTest3" name="amazon" time="2.100"/>
  <testcase classname="test.C_NewTest3" name="techlearn" time="26.726"/>
  <testcase classname="test.C_NewTest3" name="zudio" time="1.587"/>
  <testcase classname="test.C_NewTest3" name="google" time="1.529"/>
  <testcase classname="test.C_NewTest3" name="facebook">
    <skipped/>
  </testcase> <!-- facebook -->
</testsuite> <!-- test.C_NewTest3 -->
