<?xml version="1.0" encoding="UTF-8"?>
<!-- Generated by org.testng.reporters.JUnitReportReporter -->
<testsuite hostname="LAPTOP-6CEV7V9E" failures="0" tests="5" name="test.B_NewTest2" time="21.176" errors="0" timestamp="2025-05-27T16:23:34 IST" skipped="0">
  <testcase classname="test.B_NewTest2" name="amazon" time="1.898"/>
  <testcase classname="test.B_NewTest2" name="facebook" time="1.212"/>
  <testcase classname="test.B_NewTest2" name="zudio" time="1.599"/>
  <testcase classname="test.B_NewTest2" name="techlearn" time="15.084"/>
  <testcase classname="test.B_NewTest2" name="google" time="1.383"/>
</testsuite> <!-- test.B_NewTest2 -->
