<?xml version="1.0" encoding="UTF-8"?>
<!-- Generated by org.testng.reporters.JUnitReportReporter -->
<testsuite hostname="LAPTOP-6CEV7V9E" failures="0" tests="5" name="test.A_NewTest" time="31.254" errors="0" timestamp="2025-05-27T16:05:36 IST" skipped="0">
  <testcase classname="test.A_NewTest" name="zudio" time="1.440"/>
  <testcase classname="test.A_NewTest" name="amazon" time="2.083"/>
  <testcase classname="test.A_NewTest" name="techlearn" time="25.112"/>
  <testcase classname="test.A_NewTest" name="google" time="1.422"/>
  <testcase classname="test.A_NewTest" name="facebook" time="1.197"/>
</testsuite> <!-- test.A_NewTest -->
