<?xml version="1.0" encoding="UTF-8"?>
<!-- Generated by org.testng.reporters.JUnitReportReporter -->
<testsuite hostname="LAPTOP-6CEV7V9E" failures="0" tests="5" name="test.D_NewTest4" time="32.544" errors="0" timestamp="2025-05-27T16:43:15 IST" skipped="0">
  <testcase classname="test.D_NewTest4" name="testthree" time="5.271"/>
  <testcase classname="test.D_NewTest4" name="testfive" time="1.747"/>
  <testcase classname="test.D_NewTest4" name="testtwo" time="1.425"/>
  <testcase classname="test.D_NewTest4" name="testfour" time="22.746"/>
  <testcase classname="test.D_NewTest4" name="testone" time="1.355"/>
</testsuite> <!-- test.D_NewTest4 -->
